Computing the covariance matrix for the version:  SP_v1.3_LFmask_8k
--- Computation of the rho and tau statistics for the covariance 180.54737210273743 seconds ---
--- Covariance computation 1649.4662642478943 seconds ---
Saved covariance matrix of version:  SP_v1.3_LFmask_8k
Time to get theory covariance: 27.491 min
Computing rho-statistics of version SP_v1.3_LFmask_8k for jackknife patch 1/100
Building catalog...
Catalogs successfully built...
psf_SP_v1.3_LFmask_8k0
psf_error_SP_v1.3_LFmask_8k0
psf_size_error_SP_v1.3_LFmask_8k0
gal_SP_v1.3_LFmask_8k0
Computation of the tau statistics of SP_v1.3_LFmask_8k0 in progress...
Done...
Computing the covariance...
Computing rho-statistics of version SP_v1.3_LFmask_8k for jackknife patch 2/100
Building catalog...
Catalogs successfully built...
psf_SP_v1.3_LFmask_8k1
psf_error_SP_v1.3_LFmask_8k1
psf_size_error_SP_v1.3_LFmask_8k1
gal_SP_v1.3_LFmask_8k1
Computation of the tau statistics of SP_v1.3_LFmask_8k1 in progress...
Done...
Computing the covariance...
Computing rho-statistics of version SP_v1.3_LFmask_8k for jackknife patch 3/100
Building catalog...
Catalogs successfully built...
psf_SP_v1.3_LFmask_8k2
psf_error_SP_v1.3_LFmask_8k2
psf_size_error_SP_v1.3_LFmask_8k2
gal_SP_v1.3_LFmask_8k2
Computation of the tau statistics of SP_v1.3_LFmask_8k2 in progress...
Done...
Computing the covariance...
Computing rho-statistics of version SP_v1.3_LFmask_8k for jackknife patch 4/100
Building catalog...
Catalogs successfully built...
psf_SP_v1.3_LFmask_8k3
psf_error_SP_v1.3_LFmask_8k3
psf_size_error_SP_v1.3_LFmask_8k3
gal_SP_v1.3_LFmask_8k3
Computation of the tau statistics of SP_v1.3_LFmask_8k3 in progress...
Done...
Computing the covariance...
Computing rho-statistics of version SP_v1.3_LFmask_8k for jackknife patch 5/100
Building catalog...
Catalogs successfully built...
psf_SP_v1.3_LFmask_8k4
psf_error_SP_v1.3_LFmask_8k4
psf_size_error_SP_v1.3_LFmask_8k4
gal_SP_v1.3_LFmask_8k4
Computation of the tau statistics of SP_v1.3_LFmask_8k4 in progress...
Done...
Computing the covariance...
Computing rho-statistics of version SP_v1.3_LFmask_8k for jackknife patch 6/100
Building catalog...
Catalogs successfully built...
psf_SP_v1.3_LFmask_8k5
psf_error_SP_v1.3_LFmask_8k5
psf_size_error_SP_v1.3_LFmask_8k5
gal_SP_v1.3_LFmask_8k5
Computation of the tau statistics of SP_v1.3_LFmask_8k5 in progress...
Done...
Computing the covariance...
Computing rho-statistics of version SP_v1.3_LFmask_8k for jackknife patch 7/100
Building catalog...
Catalogs successfully built...
psf_SP_v1.3_LFmask_8k6
psf_error_SP_v1.3_LFmask_8k6
psf_size_error_SP_v1.3_LFmask_8k6
gal_SP_v1.3_LFmask_8k6
Computation of the tau statistics of SP_v1.3_LFmask_8k6 in progress...
Done...
Computing the covariance...
Computing rho-statistics of version SP_v1.3_LFmask_8k for jackknife patch 8/100
Building catalog...
Catalogs successfully built...
psf_SP_v1.3_LFmask_8k7
psf_error_SP_v1.3_LFmask_8k7
psf_size_error_SP_v1.3_LFmask_8k7
gal_SP_v1.3_LFmask_8k7
Computation of the tau statistics of SP_v1.3_LFmask_8k7 in progress...
Done...
Computing the covariance...
Computing rho-statistics of version SP_v1.3_LFmask_8k for jackknife patch 9/100
Building catalog...
Catalogs successfully built...
psf_SP_v1.3_LFmask_8k8
psf_error_SP_v1.3_LFmask_8k8
psf_size_error_SP_v1.3_LFmask_8k8
gal_SP_v1.3_LFmask_8k8
Computation of the tau statistics of SP_v1.3_LFmask_8k8 in progress...
Done...
Computing the covariance...
Computing rho-statistics of version SP_v1.3_LFmask_8k for jackknife patch 10/100
Building catalog...
Catalogs successfully built...
psf_SP_v1.3_LFmask_8k9
psf_error_SP_v1.3_LFmask_8k9
psf_size_error_SP_v1.3_LFmask_8k9
gal_SP_v1.3_LFmask_8k9
Computation of the tau statistics of SP_v1.3_LFmask_8k9 in progress...
Done...
Computing the covariance...
Computing rho-statistics of version SP_v1.3_LFmask_8k for jackknife patch 11/100
Building catalog...
Catalogs successfully built...
psf_SP_v1.3_LFmask_8k10
psf_error_SP_v1.3_LFmask_8k10
psf_size_error_SP_v1.3_LFmask_8k10
gal_SP_v1.3_LFmask_8k10
Computation of the tau statistics of SP_v1.3_LFmask_8k10 in progress...
Done...
Computing the covariance...
Computing rho-statistics of version SP_v1.3_LFmask_8k for jackknife patch 12/100
Building catalog...
Catalogs successfully built...
psf_SP_v1.3_LFmask_8k11
psf_error_SP_v1.3_LFmask_8k11
psf_size_error_SP_v1.3_LFmask_8k11
gal_SP_v1.3_LFmask_8k11
Computation of the tau statistics of SP_v1.3_LFmask_8k11 in progress...
Done...
Computing the covariance...
Computing rho-statistics of version SP_v1.3_LFmask_8k for jackknife patch 13/100
Building catalog...
Catalogs successfully built...
psf_SP_v1.3_LFmask_8k12
psf_error_SP_v1.3_LFmask_8k12
psf_size_error_SP_v1.3_LFmask_8k12
gal_SP_v1.3_LFmask_8k12
Computation of the tau statistics of SP_v1.3_LFmask_8k12 in progress...
Done...
Computing the covariance...
Computing rho-statistics of version SP_v1.3_LFmask_8k for jackknife patch 14/100
Building catalog...
Catalogs successfully built...
psf_SP_v1.3_LFmask_8k13
psf_error_SP_v1.3_LFmask_8k13
psf_size_error_SP_v1.3_LFmask_8k13
gal_SP_v1.3_LFmask_8k13
Computation of the tau statistics of SP_v1.3_LFmask_8k13 in progress...
Done...
Computing the covariance...
Computing rho-statistics of version SP_v1.3_LFmask_8k for jackknife patch 15/100
Building catalog...
Catalogs successfully built...
psf_SP_v1.3_LFmask_8k14
psf_error_SP_v1.3_LFmask_8k14
psf_size_error_SP_v1.3_LFmask_8k14
gal_SP_v1.3_LFmask_8k14
Computation of the tau statistics of SP_v1.3_LFmask_8k14 in progress...
Done...
Computing the covariance...
Computing rho-statistics of version SP_v1.3_LFmask_8k for jackknife patch 16/100
Building catalog...
Catalogs successfully built...
psf_SP_v1.3_LFmask_8k15
psf_error_SP_v1.3_LFmask_8k15
psf_size_error_SP_v1.3_LFmask_8k15
gal_SP_v1.3_LFmask_8k15
Computation of the tau statistics of SP_v1.3_LFmask_8k15 in progress...
Done...
Computing the covariance...
Computing rho-statistics of version SP_v1.3_LFmask_8k for jackknife patch 17/100
Building catalog...
Catalogs successfully built...
psf_SP_v1.3_LFmask_8k16
psf_error_SP_v1.3_LFmask_8k16
psf_size_error_SP_v1.3_LFmask_8k16
gal_SP_v1.3_LFmask_8k16
Computation of the tau statistics of SP_v1.3_LFmask_8k16 in progress...
Done...
Computing the covariance...
Computing rho-statistics of version SP_v1.3_LFmask_8k for jackknife patch 18/100
Building catalog...
Catalogs successfully built...
psf_SP_v1.3_LFmask_8k17
psf_error_SP_v1.3_LFmask_8k17
psf_size_error_SP_v1.3_LFmask_8k17
gal_SP_v1.3_LFmask_8k17
Computation of the tau statistics of SP_v1.3_LFmask_8k17 in progress...
Done...
Computing the covariance...
Computing rho-statistics of version SP_v1.3_LFmask_8k for jackknife patch 19/100
Building catalog...
Catalogs successfully built...
psf_SP_v1.3_LFmask_8k18
psf_error_SP_v1.3_LFmask_8k18
psf_size_error_SP_v1.3_LFmask_8k18
gal_SP_v1.3_LFmask_8k18
Computation of the tau statistics of SP_v1.3_LFmask_8k18 in progress...
Done...
Computing the covariance...
Computing rho-statistics of version SP_v1.3_LFmask_8k for jackknife patch 20/100
Building catalog...
Catalogs successfully built...
psf_SP_v1.3_LFmask_8k19
psf_error_SP_v1.3_LFmask_8k19
psf_size_error_SP_v1.3_LFmask_8k19
gal_SP_v1.3_LFmask_8k19
Computation of the tau statistics of SP_v1.3_LFmask_8k19 in progress...
Done...
Computing the covariance...
Computing rho-statistics of version SP_v1.3_LFmask_8k for jackknife patch 21/100
Building catalog...
Catalogs successfully built...
psf_SP_v1.3_LFmask_8k20
psf_error_SP_v1.3_LFmask_8k20
psf_size_error_SP_v1.3_LFmask_8k20
gal_SP_v1.3_LFmask_8k20
Computation of the tau statistics of SP_v1.3_LFmask_8k20 in progress...
Done...
Computing the covariance...
Computing rho-statistics of version SP_v1.3_LFmask_8k for jackknife patch 22/100
Building catalog...
Catalogs successfully built...
psf_SP_v1.3_LFmask_8k21
psf_error_SP_v1.3_LFmask_8k21
psf_size_error_SP_v1.3_LFmask_8k21
gal_SP_v1.3_LFmask_8k21
Computation of the tau statistics of SP_v1.3_LFmask_8k21 in progress...
Done...
Computing the covariance...
Computing rho-statistics of version SP_v1.3_LFmask_8k for jackknife patch 23/100
Building catalog...
Catalogs successfully built...
psf_SP_v1.3_LFmask_8k22
psf_error_SP_v1.3_LFmask_8k22
psf_size_error_SP_v1.3_LFmask_8k22
gal_SP_v1.3_LFmask_8k22
Computation of the tau statistics of SP_v1.3_LFmask_8k22 in progress...
Done...
Computing the covariance...
Computing rho-statistics of version SP_v1.3_LFmask_8k for jackknife patch 24/100
Building catalog...
Catalogs successfully built...
psf_SP_v1.3_LFmask_8k23
psf_error_SP_v1.3_LFmask_8k23
psf_size_error_SP_v1.3_LFmask_8k23
gal_SP_v1.3_LFmask_8k23
Computation of the tau statistics of SP_v1.3_LFmask_8k23 in progress...
Done...
Computing the covariance...
Computing rho-statistics of version SP_v1.3_LFmask_8k for jackknife patch 25/100
Building catalog...
Catalogs successfully built...
psf_SP_v1.3_LFmask_8k24
psf_error_SP_v1.3_LFmask_8k24
psf_size_error_SP_v1.3_LFmask_8k24
gal_SP_v1.3_LFmask_8k24
Computation of the tau statistics of SP_v1.3_LFmask_8k24 in progress...
Done...
Computing the covariance...
Computing rho-statistics of version SP_v1.3_LFmask_8k for jackknife patch 26/100
Building catalog...
Catalogs successfully built...
psf_SP_v1.3_LFmask_8k25
psf_error_SP_v1.3_LFmask_8k25
psf_size_error_SP_v1.3_LFmask_8k25
gal_SP_v1.3_LFmask_8k25
Computation of the tau statistics of SP_v1.3_LFmask_8k25 in progress...
Done...
Computing the covariance...
Computing rho-statistics of version SP_v1.3_LFmask_8k for jackknife patch 27/100
Building catalog...
Catalogs successfully built...
psf_SP_v1.3_LFmask_8k26
psf_error_SP_v1.3_LFmask_8k26
psf_size_error_SP_v1.3_LFmask_8k26
gal_SP_v1.3_LFmask_8k26
Computation of the tau statistics of SP_v1.3_LFmask_8k26 in progress...
Done...
Computing the covariance...
Computing rho-statistics of version SP_v1.3_LFmask_8k for jackknife patch 28/100
Building catalog...
Catalogs successfully built...
psf_SP_v1.3_LFmask_8k27
psf_error_SP_v1.3_LFmask_8k27
psf_size_error_SP_v1.3_LFmask_8k27
gal_SP_v1.3_LFmask_8k27
Computation of the tau statistics of SP_v1.3_LFmask_8k27 in progress...
Done...
Computing the covariance...
Computing rho-statistics of version SP_v1.3_LFmask_8k for jackknife patch 29/100
Building catalog...
Catalogs successfully built...
psf_SP_v1.3_LFmask_8k28
psf_error_SP_v1.3_LFmask_8k28
psf_size_error_SP_v1.3_LFmask_8k28
gal_SP_v1.3_LFmask_8k28
Computation of the tau statistics of SP_v1.3_LFmask_8k28 in progress...
Done...
Computing the covariance...
Computing rho-statistics of version SP_v1.3_LFmask_8k for jackknife patch 30/100
Building catalog...
Catalogs successfully built...
psf_SP_v1.3_LFmask_8k29
psf_error_SP_v1.3_LFmask_8k29
psf_size_error_SP_v1.3_LFmask_8k29
gal_SP_v1.3_LFmask_8k29
Computation of the tau statistics of SP_v1.3_LFmask_8k29 in progress...
Done...
Computing the covariance...
Computing rho-statistics of version SP_v1.3_LFmask_8k for jackknife patch 31/100
Building catalog...
Catalogs successfully built...
psf_SP_v1.3_LFmask_8k30
psf_error_SP_v1.3_LFmask_8k30
psf_size_error_SP_v1.3_LFmask_8k30
gal_SP_v1.3_LFmask_8k30
Computation of the tau statistics of SP_v1.3_LFmask_8k30 in progress...
Done...
Computing the covariance...
Computing rho-statistics of version SP_v1.3_LFmask_8k for jackknife patch 32/100
Building catalog...
Catalogs successfully built...
psf_SP_v1.3_LFmask_8k31
psf_error_SP_v1.3_LFmask_8k31
psf_size_error_SP_v1.3_LFmask_8k31
gal_SP_v1.3_LFmask_8k31
Computation of the tau statistics of SP_v1.3_LFmask_8k31 in progress...
Done...
Computing the covariance...
Computing rho-statistics of version SP_v1.3_LFmask_8k for jackknife patch 33/100
Building catalog...
Catalogs successfully built...
psf_SP_v1.3_LFmask_8k32
psf_error_SP_v1.3_LFmask_8k32
psf_size_error_SP_v1.3_LFmask_8k32
gal_SP_v1.3_LFmask_8k32
Computation of the tau statistics of SP_v1.3_LFmask_8k32 in progress...
Done...
Computing the covariance...
Computing rho-statistics of version SP_v1.3_LFmask_8k for jackknife patch 34/100
Building catalog...
Catalogs successfully built...
psf_SP_v1.3_LFmask_8k33
psf_error_SP_v1.3_LFmask_8k33
psf_size_error_SP_v1.3_LFmask_8k33
gal_SP_v1.3_LFmask_8k33
Computation of the tau statistics of SP_v1.3_LFmask_8k33 in progress...
Done...
Computing the covariance...
Computing rho-statistics of version SP_v1.3_LFmask_8k for jackknife patch 35/100
Building catalog...
Catalogs successfully built...
psf_SP_v1.3_LFmask_8k34
psf_error_SP_v1.3_LFmask_8k34
psf_size_error_SP_v1.3_LFmask_8k34
gal_SP_v1.3_LFmask_8k34
Computation of the tau statistics of SP_v1.3_LFmask_8k34 in progress...
Done...
Computing the covariance...
Computing rho-statistics of version SP_v1.3_LFmask_8k for jackknife patch 36/100
Building catalog...
Catalogs successfully built...
psf_SP_v1.3_LFmask_8k35
psf_error_SP_v1.3_LFmask_8k35
psf_size_error_SP_v1.3_LFmask_8k35
gal_SP_v1.3_LFmask_8k35
Computation of the tau statistics of SP_v1.3_LFmask_8k35 in progress...
Done...
Computing the covariance...
Computing rho-statistics of version SP_v1.3_LFmask_8k for jackknife patch 37/100
Building catalog...
Catalogs successfully built...
psf_SP_v1.3_LFmask_8k36
psf_error_SP_v1.3_LFmask_8k36
psf_size_error_SP_v1.3_LFmask_8k36
gal_SP_v1.3_LFmask_8k36
Computation of the tau statistics of SP_v1.3_LFmask_8k36 in progress...
Done...
Computing the covariance...
Computing rho-statistics of version SP_v1.3_LFmask_8k for jackknife patch 38/100
Building catalog...
Catalogs successfully built...
psf_SP_v1.3_LFmask_8k37
psf_error_SP_v1.3_LFmask_8k37
psf_size_error_SP_v1.3_LFmask_8k37
gal_SP_v1.3_LFmask_8k37
Computation of the tau statistics of SP_v1.3_LFmask_8k37 in progress...
Done...
Computing the covariance...
Computing rho-statistics of version SP_v1.3_LFmask_8k for jackknife patch 39/100
Building catalog...
Catalogs successfully built...
psf_SP_v1.3_LFmask_8k38
psf_error_SP_v1.3_LFmask_8k38
psf_size_error_SP_v1.3_LFmask_8k38
gal_SP_v1.3_LFmask_8k38
Computation of the tau statistics of SP_v1.3_LFmask_8k38 in progress...
Done...
Computing the covariance...
Computing rho-statistics of version SP_v1.3_LFmask_8k for jackknife patch 40/100
Building catalog...
Catalogs successfully built...
psf_SP_v1.3_LFmask_8k39
psf_error_SP_v1.3_LFmask_8k39
psf_size_error_SP_v1.3_LFmask_8k39
gal_SP_v1.3_LFmask_8k39
Computation of the tau statistics of SP_v1.3_LFmask_8k39 in progress...
Done...
Computing the covariance...
Computing rho-statistics of version SP_v1.3_LFmask_8k for jackknife patch 41/100
Building catalog...
Catalogs successfully built...
psf_SP_v1.3_LFmask_8k40
psf_error_SP_v1.3_LFmask_8k40
psf_size_error_SP_v1.3_LFmask_8k40
gal_SP_v1.3_LFmask_8k40
Computation of the tau statistics of SP_v1.3_LFmask_8k40 in progress...
Done...
Computing the covariance...
Computing rho-statistics of version SP_v1.3_LFmask_8k for jackknife patch 42/100
Building catalog...
Catalogs successfully built...
psf_SP_v1.3_LFmask_8k41
psf_error_SP_v1.3_LFmask_8k41
psf_size_error_SP_v1.3_LFmask_8k41
gal_SP_v1.3_LFmask_8k41
Computation of the tau statistics of SP_v1.3_LFmask_8k41 in progress...
Done...
Computing the covariance...
Computing rho-statistics of version SP_v1.3_LFmask_8k for jackknife patch 43/100
Building catalog...
Catalogs successfully built...
psf_SP_v1.3_LFmask_8k42
psf_error_SP_v1.3_LFmask_8k42
psf_size_error_SP_v1.3_LFmask_8k42
gal_SP_v1.3_LFmask_8k42
Computation of the tau statistics of SP_v1.3_LFmask_8k42 in progress...
Done...
Computing the covariance...
Computing rho-statistics of version SP_v1.3_LFmask_8k for jackknife patch 44/100
Building catalog...
Catalogs successfully built...
psf_SP_v1.3_LFmask_8k43
psf_error_SP_v1.3_LFmask_8k43
psf_size_error_SP_v1.3_LFmask_8k43
gal_SP_v1.3_LFmask_8k43
Computation of the tau statistics of SP_v1.3_LFmask_8k43 in progress...
Done...
Computing the covariance...
Computing rho-statistics of version SP_v1.3_LFmask_8k for jackknife patch 45/100
Building catalog...
Catalogs successfully built...
psf_SP_v1.3_LFmask_8k44
psf_error_SP_v1.3_LFmask_8k44
psf_size_error_SP_v1.3_LFmask_8k44
gal_SP_v1.3_LFmask_8k44
Computation of the tau statistics of SP_v1.3_LFmask_8k44 in progress...
Done...
Computing the covariance...
Computing rho-statistics of version SP_v1.3_LFmask_8k for jackknife patch 46/100
Building catalog...
Catalogs successfully built...
psf_SP_v1.3_LFmask_8k45
psf_error_SP_v1.3_LFmask_8k45
psf_size_error_SP_v1.3_LFmask_8k45
gal_SP_v1.3_LFmask_8k45
Computation of the tau statistics of SP_v1.3_LFmask_8k45 in progress...
Done...
Computing the covariance...
Computing rho-statistics of version SP_v1.3_LFmask_8k for jackknife patch 47/100
Building catalog...
Catalogs successfully built...
psf_SP_v1.3_LFmask_8k46
psf_error_SP_v1.3_LFmask_8k46
psf_size_error_SP_v1.3_LFmask_8k46
gal_SP_v1.3_LFmask_8k46
Computation of the tau statistics of SP_v1.3_LFmask_8k46 in progress...
Done...
Computing the covariance...
Computing rho-statistics of version SP_v1.3_LFmask_8k for jackknife patch 48/100
Building catalog...
Catalogs successfully built...
psf_SP_v1.3_LFmask_8k47
psf_error_SP_v1.3_LFmask_8k47
psf_size_error_SP_v1.3_LFmask_8k47
gal_SP_v1.3_LFmask_8k47
Computation of the tau statistics of SP_v1.3_LFmask_8k47 in progress...
Done...
Computing the covariance...
Computing rho-statistics of version SP_v1.3_LFmask_8k for jackknife patch 49/100
Building catalog...
Catalogs successfully built...
psf_SP_v1.3_LFmask_8k48
psf_error_SP_v1.3_LFmask_8k48
psf_size_error_SP_v1.3_LFmask_8k48
gal_SP_v1.3_LFmask_8k48
Computation of the tau statistics of SP_v1.3_LFmask_8k48 in progress...
Done...
Computing the covariance...
Computing rho-statistics of version SP_v1.3_LFmask_8k for jackknife patch 50/100
Building catalog...
Catalogs successfully built...
psf_SP_v1.3_LFmask_8k49
psf_error_SP_v1.3_LFmask_8k49
psf_size_error_SP_v1.3_LFmask_8k49
gal_SP_v1.3_LFmask_8k49
Computation of the tau statistics of SP_v1.3_LFmask_8k49 in progress...
Done...
Computing the covariance...
Computing rho-statistics of version SP_v1.3_LFmask_8k for jackknife patch 51/100
Building catalog...
Catalogs successfully built...
psf_SP_v1.3_LFmask_8k50
psf_error_SP_v1.3_LFmask_8k50
psf_size_error_SP_v1.3_LFmask_8k50
gal_SP_v1.3_LFmask_8k50
Computation of the tau statistics of SP_v1.3_LFmask_8k50 in progress...
Done...
Computing the covariance...
Computing rho-statistics of version SP_v1.3_LFmask_8k for jackknife patch 52/100
Building catalog...
Catalogs successfully built...
psf_SP_v1.3_LFmask_8k51
psf_error_SP_v1.3_LFmask_8k51
psf_size_error_SP_v1.3_LFmask_8k51
gal_SP_v1.3_LFmask_8k51
Computation of the tau statistics of SP_v1.3_LFmask_8k51 in progress...
Done...
Computing the covariance...
Computing rho-statistics of version SP_v1.3_LFmask_8k for jackknife patch 53/100
Building catalog...
Catalogs successfully built...
psf_SP_v1.3_LFmask_8k52
psf_error_SP_v1.3_LFmask_8k52
psf_size_error_SP_v1.3_LFmask_8k52
gal_SP_v1.3_LFmask_8k52
Computation of the tau statistics of SP_v1.3_LFmask_8k52 in progress...
Done...
Computing the covariance...
Computing rho-statistics of version SP_v1.3_LFmask_8k for jackknife patch 54/100
Building catalog...
Catalogs successfully built...
psf_SP_v1.3_LFmask_8k53
psf_error_SP_v1.3_LFmask_8k53
psf_size_error_SP_v1.3_LFmask_8k53
gal_SP_v1.3_LFmask_8k53
Computation of the tau statistics of SP_v1.3_LFmask_8k53 in progress...
Done...
Computing the covariance...
Computing rho-statistics of version SP_v1.3_LFmask_8k for jackknife patch 55/100
Building catalog...
Catalogs successfully built...
psf_SP_v1.3_LFmask_8k54
psf_error_SP_v1.3_LFmask_8k54
psf_size_error_SP_v1.3_LFmask_8k54
gal_SP_v1.3_LFmask_8k54
Computation of the tau statistics of SP_v1.3_LFmask_8k54 in progress...
Done...
Computing the covariance...
Computing rho-statistics of version SP_v1.3_LFmask_8k for jackknife patch 56/100
Building catalog...
Catalogs successfully built...
psf_SP_v1.3_LFmask_8k55
psf_error_SP_v1.3_LFmask_8k55
psf_size_error_SP_v1.3_LFmask_8k55
gal_SP_v1.3_LFmask_8k55
Computation of the tau statistics of SP_v1.3_LFmask_8k55 in progress...
Done...
Computing the covariance...
Computing rho-statistics of version SP_v1.3_LFmask_8k for jackknife patch 57/100
Building catalog...
Catalogs successfully built...
psf_SP_v1.3_LFmask_8k56
psf_error_SP_v1.3_LFmask_8k56
psf_size_error_SP_v1.3_LFmask_8k56
gal_SP_v1.3_LFmask_8k56
Computation of the tau statistics of SP_v1.3_LFmask_8k56 in progress...
Done...
Computing the covariance...
Computing rho-statistics of version SP_v1.3_LFmask_8k for jackknife patch 58/100
Building catalog...
Catalogs successfully built...
psf_SP_v1.3_LFmask_8k57
psf_error_SP_v1.3_LFmask_8k57
psf_size_error_SP_v1.3_LFmask_8k57
gal_SP_v1.3_LFmask_8k57
Computation of the tau statistics of SP_v1.3_LFmask_8k57 in progress...
Done...
Computing the covariance...
Computing rho-statistics of version SP_v1.3_LFmask_8k for jackknife patch 59/100
Building catalog...
Catalogs successfully built...
psf_SP_v1.3_LFmask_8k58
psf_error_SP_v1.3_LFmask_8k58
psf_size_error_SP_v1.3_LFmask_8k58
gal_SP_v1.3_LFmask_8k58
Computation of the tau statistics of SP_v1.3_LFmask_8k58 in progress...
Done...
Computing the covariance...
Computing rho-statistics of version SP_v1.3_LFmask_8k for jackknife patch 60/100
Building catalog...
Catalogs successfully built...
psf_SP_v1.3_LFmask_8k59
psf_error_SP_v1.3_LFmask_8k59
psf_size_error_SP_v1.3_LFmask_8k59
gal_SP_v1.3_LFmask_8k59
Computation of the tau statistics of SP_v1.3_LFmask_8k59 in progress...
Done...
Computing the covariance...
Computing rho-statistics of version SP_v1.3_LFmask_8k for jackknife patch 61/100
Building catalog...
Catalogs successfully built...
psf_SP_v1.3_LFmask_8k60
psf_error_SP_v1.3_LFmask_8k60
psf_size_error_SP_v1.3_LFmask_8k60
gal_SP_v1.3_LFmask_8k60
Computation of the tau statistics of SP_v1.3_LFmask_8k60 in progress...
Done...
Computing the covariance...
Computing rho-statistics of version SP_v1.3_LFmask_8k for jackknife patch 62/100
Building catalog...
Catalogs successfully built...
psf_SP_v1.3_LFmask_8k61
psf_error_SP_v1.3_LFmask_8k61
psf_size_error_SP_v1.3_LFmask_8k61
gal_SP_v1.3_LFmask_8k61
Computation of the tau statistics of SP_v1.3_LFmask_8k61 in progress...
Done...
Computing the covariance...
Computing rho-statistics of version SP_v1.3_LFmask_8k for jackknife patch 63/100
Building catalog...
Catalogs successfully built...
psf_SP_v1.3_LFmask_8k62
psf_error_SP_v1.3_LFmask_8k62
psf_size_error_SP_v1.3_LFmask_8k62
gal_SP_v1.3_LFmask_8k62
Computation of the tau statistics of SP_v1.3_LFmask_8k62 in progress...
Done...
Computing the covariance...
Computing rho-statistics of version SP_v1.3_LFmask_8k for jackknife patch 64/100
Building catalog...
Catalogs successfully built...
psf_SP_v1.3_LFmask_8k63
psf_error_SP_v1.3_LFmask_8k63
psf_size_error_SP_v1.3_LFmask_8k63
gal_SP_v1.3_LFmask_8k63
Computation of the tau statistics of SP_v1.3_LFmask_8k63 in progress...
Done...
Computing the covariance...
Computing rho-statistics of version SP_v1.3_LFmask_8k for jackknife patch 65/100
Building catalog...
Catalogs successfully built...
psf_SP_v1.3_LFmask_8k64
psf_error_SP_v1.3_LFmask_8k64
psf_size_error_SP_v1.3_LFmask_8k64
gal_SP_v1.3_LFmask_8k64
Computation of the tau statistics of SP_v1.3_LFmask_8k64 in progress...
Done...
Computing the covariance...
Computing rho-statistics of version SP_v1.3_LFmask_8k for jackknife patch 66/100
Building catalog...
Catalogs successfully built...
psf_SP_v1.3_LFmask_8k65
psf_error_SP_v1.3_LFmask_8k65
psf_size_error_SP_v1.3_LFmask_8k65
gal_SP_v1.3_LFmask_8k65
Computation of the tau statistics of SP_v1.3_LFmask_8k65 in progress...
Done...
Computing the covariance...
Computing rho-statistics of version SP_v1.3_LFmask_8k for jackknife patch 67/100
Building catalog...
Catalogs successfully built...
psf_SP_v1.3_LFmask_8k66
psf_error_SP_v1.3_LFmask_8k66
psf_size_error_SP_v1.3_LFmask_8k66
gal_SP_v1.3_LFmask_8k66
Computation of the tau statistics of SP_v1.3_LFmask_8k66 in progress...
Done...
Computing the covariance...
Computing rho-statistics of version SP_v1.3_LFmask_8k for jackknife patch 68/100
Building catalog...
Catalogs successfully built...
psf_SP_v1.3_LFmask_8k67
psf_error_SP_v1.3_LFmask_8k67
psf_size_error_SP_v1.3_LFmask_8k67
gal_SP_v1.3_LFmask_8k67
Computation of the tau statistics of SP_v1.3_LFmask_8k67 in progress...
Done...
Computing the covariance...
Computing rho-statistics of version SP_v1.3_LFmask_8k for jackknife patch 69/100
Building catalog...
Catalogs successfully built...
psf_SP_v1.3_LFmask_8k68
psf_error_SP_v1.3_LFmask_8k68
psf_size_error_SP_v1.3_LFmask_8k68
gal_SP_v1.3_LFmask_8k68
Computation of the tau statistics of SP_v1.3_LFmask_8k68 in progress...
Done...
Computing the covariance...
Computing rho-statistics of version SP_v1.3_LFmask_8k for jackknife patch 70/100
Building catalog...
Catalogs successfully built...
psf_SP_v1.3_LFmask_8k69
psf_error_SP_v1.3_LFmask_8k69
psf_size_error_SP_v1.3_LFmask_8k69
gal_SP_v1.3_LFmask_8k69
Computation of the tau statistics of SP_v1.3_LFmask_8k69 in progress...
Done...
Computing the covariance...
Computing rho-statistics of version SP_v1.3_LFmask_8k for jackknife patch 71/100
Building catalog...
Catalogs successfully built...
psf_SP_v1.3_LFmask_8k70
psf_error_SP_v1.3_LFmask_8k70
psf_size_error_SP_v1.3_LFmask_8k70
gal_SP_v1.3_LFmask_8k70
Computation of the tau statistics of SP_v1.3_LFmask_8k70 in progress...
Done...
Computing the covariance...
Computing rho-statistics of version SP_v1.3_LFmask_8k for jackknife patch 72/100
Building catalog...
Catalogs successfully built...
psf_SP_v1.3_LFmask_8k71
psf_error_SP_v1.3_LFmask_8k71
psf_size_error_SP_v1.3_LFmask_8k71
gal_SP_v1.3_LFmask_8k71
Computation of the tau statistics of SP_v1.3_LFmask_8k71 in progress...
Done...
Computing the covariance...
Computing rho-statistics of version SP_v1.3_LFmask_8k for jackknife patch 73/100
Building catalog...
Catalogs successfully built...
psf_SP_v1.3_LFmask_8k72
psf_error_SP_v1.3_LFmask_8k72
psf_size_error_SP_v1.3_LFmask_8k72
gal_SP_v1.3_LFmask_8k72
Computation of the tau statistics of SP_v1.3_LFmask_8k72 in progress...
Done...
Computing the covariance...
Computing rho-statistics of version SP_v1.3_LFmask_8k for jackknife patch 74/100
Building catalog...
Catalogs successfully built...
psf_SP_v1.3_LFmask_8k73
psf_error_SP_v1.3_LFmask_8k73
psf_size_error_SP_v1.3_LFmask_8k73
gal_SP_v1.3_LFmask_8k73
Computation of the tau statistics of SP_v1.3_LFmask_8k73 in progress...
Done...
Computing the covariance...
Computing rho-statistics of version SP_v1.3_LFmask_8k for jackknife patch 75/100
Building catalog...
Catalogs successfully built...
psf_SP_v1.3_LFmask_8k74
psf_error_SP_v1.3_LFmask_8k74
psf_size_error_SP_v1.3_LFmask_8k74
gal_SP_v1.3_LFmask_8k74
Computation of the tau statistics of SP_v1.3_LFmask_8k74 in progress...
Done...
Computing the covariance...
Computing rho-statistics of version SP_v1.3_LFmask_8k for jackknife patch 76/100
Building catalog...
Catalogs successfully built...
psf_SP_v1.3_LFmask_8k75
psf_error_SP_v1.3_LFmask_8k75
psf_size_error_SP_v1.3_LFmask_8k75
gal_SP_v1.3_LFmask_8k75
Computation of the tau statistics of SP_v1.3_LFmask_8k75 in progress...
Done...
Computing the covariance...
Computing rho-statistics of version SP_v1.3_LFmask_8k for jackknife patch 77/100
Building catalog...
Catalogs successfully built...
psf_SP_v1.3_LFmask_8k76
psf_error_SP_v1.3_LFmask_8k76
psf_size_error_SP_v1.3_LFmask_8k76
gal_SP_v1.3_LFmask_8k76
Computation of the tau statistics of SP_v1.3_LFmask_8k76 in progress...
Done...
Computing the covariance...
Computing rho-statistics of version SP_v1.3_LFmask_8k for jackknife patch 78/100
Building catalog...
Catalogs successfully built...
psf_SP_v1.3_LFmask_8k77
psf_error_SP_v1.3_LFmask_8k77
psf_size_error_SP_v1.3_LFmask_8k77
gal_SP_v1.3_LFmask_8k77
Computation of the tau statistics of SP_v1.3_LFmask_8k77 in progress...
Done...
Computing the covariance...
Computing rho-statistics of version SP_v1.3_LFmask_8k for jackknife patch 79/100
Building catalog...
Catalogs successfully built...
psf_SP_v1.3_LFmask_8k78
psf_error_SP_v1.3_LFmask_8k78
psf_size_error_SP_v1.3_LFmask_8k78
gal_SP_v1.3_LFmask_8k78
Computation of the tau statistics of SP_v1.3_LFmask_8k78 in progress...
Done...
Computing the covariance...
Computing rho-statistics of version SP_v1.3_LFmask_8k for jackknife patch 80/100
Building catalog...
Catalogs successfully built...
psf_SP_v1.3_LFmask_8k79
psf_error_SP_v1.3_LFmask_8k79
psf_size_error_SP_v1.3_LFmask_8k79
gal_SP_v1.3_LFmask_8k79
Computation of the tau statistics of SP_v1.3_LFmask_8k79 in progress...
Done...
Computing the covariance...
Computing rho-statistics of version SP_v1.3_LFmask_8k for jackknife patch 81/100
Building catalog...
Catalogs successfully built...
psf_SP_v1.3_LFmask_8k80
psf_error_SP_v1.3_LFmask_8k80
psf_size_error_SP_v1.3_LFmask_8k80
gal_SP_v1.3_LFmask_8k80
Computation of the tau statistics of SP_v1.3_LFmask_8k80 in progress...
Done...
Computing the covariance...
Computing rho-statistics of version SP_v1.3_LFmask_8k for jackknife patch 82/100
Building catalog...
Catalogs successfully built...
psf_SP_v1.3_LFmask_8k81
psf_error_SP_v1.3_LFmask_8k81
psf_size_error_SP_v1.3_LFmask_8k81
gal_SP_v1.3_LFmask_8k81
Computation of the tau statistics of SP_v1.3_LFmask_8k81 in progress...
Done...
Computing the covariance...
Computing rho-statistics of version SP_v1.3_LFmask_8k for jackknife patch 83/100
Building catalog...
Catalogs successfully built...
psf_SP_v1.3_LFmask_8k82
psf_error_SP_v1.3_LFmask_8k82
psf_size_error_SP_v1.3_LFmask_8k82
gal_SP_v1.3_LFmask_8k82
Computation of the tau statistics of SP_v1.3_LFmask_8k82 in progress...
Done...
Computing the covariance...
Computing rho-statistics of version SP_v1.3_LFmask_8k for jackknife patch 84/100
Building catalog...
Catalogs successfully built...
psf_SP_v1.3_LFmask_8k83
psf_error_SP_v1.3_LFmask_8k83
psf_size_error_SP_v1.3_LFmask_8k83
gal_SP_v1.3_LFmask_8k83
Computation of the tau statistics of SP_v1.3_LFmask_8k83 in progress...
Done...
Computing the covariance...
Computing rho-statistics of version SP_v1.3_LFmask_8k for jackknife patch 85/100
Building catalog...
Catalogs successfully built...
psf_SP_v1.3_LFmask_8k84
psf_error_SP_v1.3_LFmask_8k84
psf_size_error_SP_v1.3_LFmask_8k84
gal_SP_v1.3_LFmask_8k84
Computation of the tau statistics of SP_v1.3_LFmask_8k84 in progress...
Done...
Computing the covariance...
Computing rho-statistics of version SP_v1.3_LFmask_8k for jackknife patch 86/100
Building catalog...
Catalogs successfully built...
psf_SP_v1.3_LFmask_8k85
psf_error_SP_v1.3_LFmask_8k85
psf_size_error_SP_v1.3_LFmask_8k85
gal_SP_v1.3_LFmask_8k85
Computation of the tau statistics of SP_v1.3_LFmask_8k85 in progress...
Done...
Computing the covariance...
Computing rho-statistics of version SP_v1.3_LFmask_8k for jackknife patch 87/100
Building catalog...
Catalogs successfully built...
psf_SP_v1.3_LFmask_8k86
psf_error_SP_v1.3_LFmask_8k86
psf_size_error_SP_v1.3_LFmask_8k86
gal_SP_v1.3_LFmask_8k86
Computation of the tau statistics of SP_v1.3_LFmask_8k86 in progress...
Done...
Computing the covariance...
Computing rho-statistics of version SP_v1.3_LFmask_8k for jackknife patch 88/100
Building catalog...
Catalogs successfully built...
psf_SP_v1.3_LFmask_8k87
psf_error_SP_v1.3_LFmask_8k87
psf_size_error_SP_v1.3_LFmask_8k87
gal_SP_v1.3_LFmask_8k87
Computation of the tau statistics of SP_v1.3_LFmask_8k87 in progress...
Done...
Computing the covariance...
Computing rho-statistics of version SP_v1.3_LFmask_8k for jackknife patch 89/100
Building catalog...
Catalogs successfully built...
psf_SP_v1.3_LFmask_8k88
psf_error_SP_v1.3_LFmask_8k88
psf_size_error_SP_v1.3_LFmask_8k88
gal_SP_v1.3_LFmask_8k88
Computation of the tau statistics of SP_v1.3_LFmask_8k88 in progress...
Done...
Computing the covariance...
Computing rho-statistics of version SP_v1.3_LFmask_8k for jackknife patch 90/100
Building catalog...
Catalogs successfully built...
psf_SP_v1.3_LFmask_8k89
psf_error_SP_v1.3_LFmask_8k89
psf_size_error_SP_v1.3_LFmask_8k89
gal_SP_v1.3_LFmask_8k89
Computation of the tau statistics of SP_v1.3_LFmask_8k89 in progress...
Done...
Computing the covariance...
Computing rho-statistics of version SP_v1.3_LFmask_8k for jackknife patch 91/100
Building catalog...
Catalogs successfully built...
psf_SP_v1.3_LFmask_8k90
psf_error_SP_v1.3_LFmask_8k90
psf_size_error_SP_v1.3_LFmask_8k90
gal_SP_v1.3_LFmask_8k90
Computation of the tau statistics of SP_v1.3_LFmask_8k90 in progress...
Done...
Computing the covariance...
Computing rho-statistics of version SP_v1.3_LFmask_8k for jackknife patch 92/100
Building catalog...
Catalogs successfully built...
psf_SP_v1.3_LFmask_8k91
psf_error_SP_v1.3_LFmask_8k91
psf_size_error_SP_v1.3_LFmask_8k91
gal_SP_v1.3_LFmask_8k91
Computation of the tau statistics of SP_v1.3_LFmask_8k91 in progress...
Done...
Computing the covariance...
Computing rho-statistics of version SP_v1.3_LFmask_8k for jackknife patch 93/100
Building catalog...
Catalogs successfully built...
psf_SP_v1.3_LFmask_8k92
psf_error_SP_v1.3_LFmask_8k92
psf_size_error_SP_v1.3_LFmask_8k92
gal_SP_v1.3_LFmask_8k92
Computation of the tau statistics of SP_v1.3_LFmask_8k92 in progress...
Done...
Computing the covariance...
Computing rho-statistics of version SP_v1.3_LFmask_8k for jackknife patch 94/100
Building catalog...
Catalogs successfully built...
psf_SP_v1.3_LFmask_8k93
psf_error_SP_v1.3_LFmask_8k93
psf_size_error_SP_v1.3_LFmask_8k93
gal_SP_v1.3_LFmask_8k93
Computation of the tau statistics of SP_v1.3_LFmask_8k93 in progress...
Done...
Computing the covariance...
Computing rho-statistics of version SP_v1.3_LFmask_8k for jackknife patch 95/100
Building catalog...
Catalogs successfully built...
psf_SP_v1.3_LFmask_8k94
psf_error_SP_v1.3_LFmask_8k94
psf_size_error_SP_v1.3_LFmask_8k94
gal_SP_v1.3_LFmask_8k94
Computation of the tau statistics of SP_v1.3_LFmask_8k94 in progress...
Done...
Computing the covariance...
Computing rho-statistics of version SP_v1.3_LFmask_8k for jackknife patch 96/100
Building catalog...
Catalogs successfully built...
psf_SP_v1.3_LFmask_8k95
psf_error_SP_v1.3_LFmask_8k95
psf_size_error_SP_v1.3_LFmask_8k95
gal_SP_v1.3_LFmask_8k95
Computation of the tau statistics of SP_v1.3_LFmask_8k95 in progress...
Done...
Computing the covariance...
Computing rho-statistics of version SP_v1.3_LFmask_8k for jackknife patch 97/100
Building catalog...
Catalogs successfully built...
psf_SP_v1.3_LFmask_8k96
psf_error_SP_v1.3_LFmask_8k96
psf_size_error_SP_v1.3_LFmask_8k96
gal_SP_v1.3_LFmask_8k96
Computation of the tau statistics of SP_v1.3_LFmask_8k96 in progress...
Done...
Computing the covariance...
Computing rho-statistics of version SP_v1.3_LFmask_8k for jackknife patch 98/100
Building catalog...
Catalogs successfully built...
psf_SP_v1.3_LFmask_8k97
psf_error_SP_v1.3_LFmask_8k97
psf_size_error_SP_v1.3_LFmask_8k97
gal_SP_v1.3_LFmask_8k97
Computation of the tau statistics of SP_v1.3_LFmask_8k97 in progress...
Done...
Computing the covariance...
Computing rho-statistics of version SP_v1.3_LFmask_8k for jackknife patch 99/100
Building catalog...
Catalogs successfully built...
psf_SP_v1.3_LFmask_8k98
psf_error_SP_v1.3_LFmask_8k98
psf_size_error_SP_v1.3_LFmask_8k98
gal_SP_v1.3_LFmask_8k98
Computation of the tau statistics of SP_v1.3_LFmask_8k98 in progress...
Done...
Computing the covariance...
Computing rho-statistics of version SP_v1.3_LFmask_8k for jackknife patch 100/100
Building catalog...
Catalogs successfully built...
psf_SP_v1.3_LFmask_8k99
psf_error_SP_v1.3_LFmask_8k99
psf_size_error_SP_v1.3_LFmask_8k99
gal_SP_v1.3_LFmask_8k99
Computation of the tau statistics of SP_v1.3_LFmask_8k99 in progress...
Done...
Computing the covariance...
Time to get jackknife covariance: 226.522 min
